{"message":"::1 - - [01/Feb/2019:16:43:01 +0000] \"GET /robots.txt HTTP/1.1\" 200 220 \"-\" \"Mozilla/5.0 (Windows NT 6.1; Win64; x64) AppleWebKit/537.36 (KHTML, like Gecko) Chrome/71.0.3578.98 Safari/537.36\"\n","level":"info"}
{"message":"::1 - - [01/Feb/2019:16:43:01 +0000] \"GET /README HTTP/1.1\" 200 2193 \"-\" \"Mozilla/5.0 (Windows NT 6.1; Win64; x64) AppleWebKit/537.36 (KHTML, like Gecko) Chrome/71.0.3578.98 Safari/537.36\"\n","level":"info"}
{"message":"::1 - - [01/Feb/2019:16:43:03 +0000] \"GET /favicon.ico HTTP/1.1\" 200 220 \"http://localhost:1337/README\" \"Mozilla/5.0 (Windows NT 6.1; Win64; x64) AppleWebKit/537.36 (KHTML, like Gecko) Chrome/71.0.3578.98 Safari/537.36\"\n","level":"info"}
{"message":"::1 - - [01/Feb/2019:21:02:20 +0000] \"GET /README HTTP/1.1\" 200 1908 \"-\" \"Mozilla/5.0 (Linux; Android 6.0.1; Nexus 5 Build/MRA58N) AppleWebKit/537.36(KHTML, like Gecko) Chrome/71.0.3559.0 Mobile Safari/537.36\"\n","level":"info"}
{"message":"::1 - - [01/Feb/2019:21:02:20 +0000] \"GET /favicon.ico HTTP/1.1\" 200 220 \"http://localhost:1337/README\" \"Mozilla/5.0 (Linux; Android 6.0.1; Nexus 5 Build/MRA58N) AppleWebKit/537.36(KHTML, like Gecko) Chrome/71.0.3559.0 Mobile Safari/537.36\"\n","level":"info"}
{"message":"::1 - - [01/Feb/2019:21:02:22 +0000] \"GET /robots.txt HTTP/1.1\" 200 220 \"http://localhost:1337/README\" \"Mozilla/5.0 (Linux; Android 6.0.1; Nexus 5 Build/MRA58N) AppleWebKit/537.36(KHTML, like Gecko) Chrome/71.0.3559.0 Mobile Safari/537.36\"\n","level":"info"}
{"message":"::1 - - [01/Feb/2019:21:02:24 +0000] \"GET /README HTTP/1.1\" 304 - \"-\" \"Mozilla/5.0 (Linux; Android 6.0.1; Nexus 5 Build/MRA58N) AppleWebKit/537.36(KHTML, like Gecko) Chrome/71.0.3559.0 Mobile Safari/537.36\"\n","level":"info"}
{"message":"::1 - - [01/Feb/2019:21:02:25 +0000] \"GET /favicon.ico HTTP/1.1\" 304 - \"http://localhost:1337/README\" \"Mozilla/5.0 (Linux; Android 6.0.1; Nexus 5 Build/MRA58N) AppleWebKit/537.36(KHTML, like Gecko) Chrome/71.0.3559.0 Mobile Safari/537.36\"\n","level":"info"}
{"message":"::1 - - [01/Feb/2019:21:02:26 +0000] \"GET /README HTTP/1.1\" 200 1908 \"-\" \"Mozilla/5.0 (Windows NT 6.1; Win64; x64) AppleWebKit/537.36 (KHTML, like Gecko) Chrome/71.0.3578.98 Safari/537.36\"\n","level":"info"}
{"message":"::1 - - [01/Feb/2019:21:02:27 +0000] \"GET /favicon.ico HTTP/1.1\" 200 220 \"http://localhost:1337/README\" \"Mozilla/5.0 (Windows NT 6.1; Win64; x64) AppleWebKit/537.36 (KHTML, like Gecko) Chrome/71.0.3578.98 Safari/537.36\"\n","level":"info"}
{"message":"::1 - - [03/Feb/2019:21:48:49 +0000] \"GET / HTTP/1.1\" 500 1250 \"-\" \"Mozilla/5.0 (X11; Linux x86_64) AppleWebKit/537.36 (KHTML, like Gecko) Chrome/68.0.3440.106 Safari/537.36\"\n","level":"info"}
{"message":"::1 - - [03/Feb/2019:21:48:49 +0000] \"GET /robots.txt HTTP/1.1\" 200 220 \"-\" \"Mozilla/5.0 (X11; Linux x86_64) AppleWebKit/537.36 (KHTML, like Gecko) Chrome/68.0.3440.106 Safari/537.36\"\n","level":"info"}
{"message":"::1 - - [03/Feb/2019:21:48:49 +0000] \"GET /favicon.ico HTTP/1.1\" 304 - \"http://localhost:1337/\" \"Mozilla/5.0 (X11; Linux x86_64) AppleWebKit/537.36 (KHTML, like Gecko) Chrome/68.0.3440.106 Safari/537.36\"\n","level":"info"}
{"message":"::1 - - [03/Feb/2019:22:46:53 +0000] \"GET / HTTP/1.1\" 500 1240 \"-\" \"Mozilla/5.0 (X11; Linux x86_64) AppleWebKit/537.36 (KHTML, like Gecko) Chrome/68.0.3440.106 Safari/537.36\"\n","level":"info"}
{"message":"::1 - - [03/Feb/2019:22:46:54 +0000] \"GET /favicon.ico HTTP/1.1\" 200 220 \"http://localhost:1337/\" \"Mozilla/5.0 (X11; Linux x86_64) AppleWebKit/537.36 (KHTML, like Gecko) Chrome/68.0.3440.106 Safari/537.36\"\n","level":"info"}
{"message":"::1 - - [03/Feb/2019:22:53:32 +0000] \"GET / HTTP/1.1\" 500 1240 \"-\" \"Mozilla/5.0 (X11; Linux x86_64) AppleWebKit/537.36 (KHTML, like Gecko) Chrome/68.0.3440.106 Safari/537.36\"\n","level":"info"}
{"message":"::1 - - [03/Feb/2019:22:53:32 +0000] \"GET /favicon.ico HTTP/1.1\" 200 220 \"http://localhost:1337/\" \"Mozilla/5.0 (X11; Linux x86_64) AppleWebKit/537.36 (KHTML, like Gecko) Chrome/68.0.3440.106 Safari/537.36\"\n","level":"info"}
{"message":"::1 - - [03/Feb/2019:22:57:34 +0000] \"GET / HTTP/1.1\" 500 1251 \"-\" \"Mozilla/5.0 (X11; Linux x86_64) AppleWebKit/537.36 (KHTML, like Gecko) Chrome/68.0.3440.106 Safari/537.36\"\n","level":"info"}
{"message":"::1 - - [03/Feb/2019:22:57:34 +0000] \"GET /favicon.ico HTTP/1.1\" 200 220 \"http://localhost:1337/\" \"Mozilla/5.0 (X11; Linux x86_64) AppleWebKit/537.36 (KHTML, like Gecko) Chrome/68.0.3440.106 Safari/537.36\"\n","level":"info"}
{"message":"::1 - - [04/Feb/2019:00:00:10 +0000] \"GET / HTTP/1.1\" 200 512 \"-\" \"Mozilla/5.0 (X11; Linux x86_64) AppleWebKit/537.36 (KHTML, like Gecko) Chrome/68.0.3440.106 Safari/537.36\"\n","level":"info"}
{"message":"::1 - - [04/Feb/2019:00:00:11 +0000] \"GET / HTTP/1.1\" 304 - \"-\" \"Mozilla/5.0 (X11; Linux x86_64) AppleWebKit/537.36 (KHTML, like Gecko) Chrome/68.0.3440.106 Safari/537.36\"\n","level":"info"}
{"message":"::1 - - [04/Feb/2019:00:00:11 +0000] \"GET /favicon.ico HTTP/1.1\" 200 220 \"http://localhost:1337/\" \"Mozilla/5.0 (X11; Linux x86_64) AppleWebKit/537.36 (KHTML, like Gecko) Chrome/68.0.3440.106 Safari/537.36\"\n","level":"info"}
{"message":"::1 - - [04/Feb/2019:00:00:17 +0000] \"GET /setup/README.md HTTP/1.1\" 200 220 \"http://localhost:1337/\" \"Mozilla/5.0 (X11; Linux x86_64) AppleWebKit/537.36 (KHTML, like Gecko) Chrome/68.0.3440.106 Safari/537.36\"\n","level":"info"}
{"message":"::1 - - [04/Feb/2019:00:00:17 +0000] \"GET /favicon.ico HTTP/1.1\" 304 - \"http://localhost:1337/setup/README.md\" \"Mozilla/5.0 (X11; Linux x86_64) AppleWebKit/537.36 (KHTML, like Gecko) Chrome/68.0.3440.106 Safari/537.36\"\n","level":"info"}
{"message":"::1 - - [04/Feb/2019:00:00:20 +0000] \"GET /setup/README.md HTTP/1.1\" 304 - \"http://localhost:1337/\" \"Mozilla/5.0 (X11; Linux x86_64) AppleWebKit/537.36 (KHTML, like Gecko) Chrome/68.0.3440.106 Safari/537.36\"\n","level":"info"}
{"message":"::1 - - [04/Feb/2019:00:00:21 +0000] \"GET /favicon.ico HTTP/1.1\" 200 220 \"http://localhost:1337/setup/README.md\" \"Mozilla/5.0 (X11; Linux x86_64) AppleWebKit/537.36 (KHTML, like Gecko) Chrome/68.0.3440.106 Safari/537.36\"\n","level":"info"}
{"message":"::1 - - [04/Feb/2019:00:00:40 +0000] \"GET /setup/README HTTP/1.1\" - - \"-\" \"Mozilla/5.0 (X11; Linux x86_64) AppleWebKit/537.36 (KHTML, like Gecko) Chrome/68.0.3440.106 Safari/537.36\"\n","level":"info"}
{"message":"::1 - - [04/Feb/2019:00:00:40 +0000] \"GET /setup/ HTTP/1.1\" 200 1049 \"-\" \"Mozilla/5.0 (X11; Linux x86_64) AppleWebKit/537.36 (KHTML, like Gecko) Chrome/68.0.3440.106 Safari/537.36\"\n","level":"info"}
{"message":"::1 - - [04/Feb/2019:00:00:41 +0000] \"GET /favicon.ico HTTP/1.1\" 304 - \"http://localhost:1337/setup/\" \"Mozilla/5.0 (X11; Linux x86_64) AppleWebKit/537.36 (KHTML, like Gecko) Chrome/68.0.3440.106 Safari/537.36\"\n","level":"info"}
{"message":"::1 - - [04/Feb/2019:00:00:57 +0000] \"GET /README HTTP/1.1\" - - \"-\" \"Mozilla/5.0 (X11; Linux x86_64) AppleWebKit/537.36 (KHTML, like Gecko) Chrome/68.0.3440.106 Safari/537.36\"\n","level":"info"}
{"message":"::1 - - [04/Feb/2019:00:00:57 +0000] \"GET /setup/ HTTP/1.1\" 304 - \"-\" \"Mozilla/5.0 (X11; Linux x86_64) AppleWebKit/537.36 (KHTML, like Gecko) Chrome/68.0.3440.106 Safari/537.36\"\n","level":"info"}
{"message":"::1 - - [04/Feb/2019:00:00:58 +0000] \"GET /favicon.ico HTTP/1.1\" 200 220 \"http://localhost:1337/setup/\" \"Mozilla/5.0 (X11; Linux x86_64) AppleWebKit/537.36 (KHTML, like Gecko) Chrome/68.0.3440.106 Safari/537.36\"\n","level":"info"}
{"message":"::1 - - [04/Feb/2019:00:01:00 +0000] \"GET /setup/config.md HTTP/1.1\" 200 220 \"http://localhost:1337/setup/\" \"Mozilla/5.0 (X11; Linux x86_64) AppleWebKit/537.36 (KHTML, like Gecko) Chrome/68.0.3440.106 Safari/537.36\"\n","level":"info"}
{"message":"::1 - - [04/Feb/2019:00:01:00 +0000] \"GET /favicon.ico HTTP/1.1\" 304 - \"http://localhost:1337/setup/config.md\" \"Mozilla/5.0 (X11; Linux x86_64) AppleWebKit/537.36 (KHTML, like Gecko) Chrome/68.0.3440.106 Safari/537.36\"\n","level":"info"}
{"message":"::1 - - [04/Feb/2019:00:05:04 +0000] \"GET /setup/config HTTP/1.1\" - - \"-\" \"Mozilla/5.0 (X11; Linux x86_64) AppleWebKit/537.36 (KHTML, like Gecko) Chrome/68.0.3440.106 Safari/537.36\"\n","level":"info"}
{"message":"::1 - - [04/Feb/2019:00:12:44 +0000] \"GET /setup/config HTTP/1.1\" - - \"-\" \"Mozilla/5.0 (X11; Linux x86_64) AppleWebKit/537.36 (KHTML, like Gecko) Chrome/68.0.3440.106 Safari/537.36\"\n","level":"info"}
{"message":"::1 - - [04/Feb/2019:00:14:44 +0000] \"GET /setup/config HTTP/1.1\" - - \"-\" \"Mozilla/5.0 (X11; Linux x86_64) AppleWebKit/537.36 (KHTML, like Gecko) Chrome/68.0.3440.106 Safari/537.36\"\n","level":"info"}
{"message":"::1 - - [04/Feb/2019:00:55:09 +0000] \"GET /setup/config HTTP/1.1\" - - \"-\" \"Mozilla/5.0 (X11; Linux x86_64) AppleWebKit/537.36 (KHTML, like Gecko) Chrome/68.0.3440.106 Safari/537.36\"\n","level":"info"}
{"message":"::1 - - [04/Feb/2019:00:57:10 +0000] \"GET /setup/config HTTP/1.1\" - - \"-\" \"Mozilla/5.0 (X11; Linux x86_64) AppleWebKit/537.36 (KHTML, like Gecko) Chrome/68.0.3440.106 Safari/537.36\"\n","level":"info"}
{"message":"::1 - - [04/Feb/2019:01:10:03 +0000] \"GET /setup/config HTTP/1.1\" 200 605 \"-\" \"Mozilla/5.0 (X11; Linux x86_64) AppleWebKit/537.36 (KHTML, like Gecko) Chrome/68.0.3440.106 Safari/537.36\"\n","level":"info"}
{"message":"::1 - - [04/Feb/2019:01:10:03 +0000] \"GET /favicon.ico HTTP/1.1\" 200 220 \"http://localhost:1337/setup/config\" \"Mozilla/5.0 (X11; Linux x86_64) AppleWebKit/537.36 (KHTML, like Gecko) Chrome/68.0.3440.106 Safari/537.36\"\n","level":"info"}
{"message":"::1 - - [04/Feb/2019:01:10:11 +0000] \"GET /setup/config/ HTTP/1.1\" 200 220 \"-\" \"Mozilla/5.0 (X11; Linux x86_64) AppleWebKit/537.36 (KHTML, like Gecko) Chrome/68.0.3440.106 Safari/537.36\"\n","level":"info"}
{"message":"::1 - - [04/Feb/2019:01:10:11 +0000] \"GET /favicon.ico HTTP/1.1\" 304 - \"http://localhost:1337/setup/config/\" \"Mozilla/5.0 (X11; Linux x86_64) AppleWebKit/537.36 (KHTML, like Gecko) Chrome/68.0.3440.106 Safari/537.36\"\n","level":"info"}
{"message":"::1 - - [04/Feb/2019:01:10:21 +0000] \"GET /setup/config/README.md HTTP/1.1\" 200 220 \"-\" \"Mozilla/5.0 (X11; Linux x86_64) AppleWebKit/537.36 (KHTML, like Gecko) Chrome/68.0.3440.106 Safari/537.36\"\n","level":"info"}
{"message":"::1 - - [04/Feb/2019:01:10:21 +0000] \"GET /favicon.ico HTTP/1.1\" 304 - \"http://localhost:1337/setup/config/README.md\" \"Mozilla/5.0 (X11; Linux x86_64) AppleWebKit/537.36 (KHTML, like Gecko) Chrome/68.0.3440.106 Safari/537.36\"\n","level":"info"}
{"message":"::1 - - [04/Feb/2019:01:10:24 +0000] \"GET /setup/config/README HTTP/1.1\" 200 220 \"-\" \"Mozilla/5.0 (X11; Linux x86_64) AppleWebKit/537.36 (KHTML, like Gecko) Chrome/68.0.3440.106 Safari/537.36\"\n","level":"info"}
{"message":"::1 - - [04/Feb/2019:01:10:25 +0000] \"GET /favicon.ico HTTP/1.1\" 304 - \"http://localhost:1337/setup/config/README\" \"Mozilla/5.0 (X11; Linux x86_64) AppleWebKit/537.36 (KHTML, like Gecko) Chrome/68.0.3440.106 Safari/537.36\"\n","level":"info"}
{"message":"::1 - - [04/Feb/2019:01:10:27 +0000] \"GET /setup/config/README HTTP/1.1\" 304 - \"-\" \"Mozilla/5.0 (X11; Linux x86_64) AppleWebKit/537.36 (KHTML, like Gecko) Chrome/68.0.3440.106 Safari/537.36\"\n","level":"info"}
{"message":"::1 - - [04/Feb/2019:01:10:27 +0000] \"GET /favicon.ico HTTP/1.1\" 200 220 \"http://localhost:1337/setup/config/README\" \"Mozilla/5.0 (X11; Linux x86_64) AppleWebKit/537.36 (KHTML, like Gecko) Chrome/68.0.3440.106 Safari/537.36\"\n","level":"info"}
{"message":"::1 - - [04/Feb/2019:01:10:41 +0000] \"GET /setup HTTP/1.1\" 200 1025 \"-\" \"Mozilla/5.0 (X11; Linux x86_64) AppleWebKit/537.36 (KHTML, like Gecko) Chrome/68.0.3440.106 Safari/537.36\"\n","level":"info"}
{"message":"::1 - - [04/Feb/2019:01:10:41 +0000] \"GET /favicon.ico HTTP/1.1\" 304 - \"http://localhost:1337/setup\" \"Mozilla/5.0 (X11; Linux x86_64) AppleWebKit/537.36 (KHTML, like Gecko) Chrome/68.0.3440.106 Safari/537.36\"\n","level":"info"}
{"message":"::1 - - [04/Feb/2019:01:10:44 +0000] \"GET /setup/ HTTP/1.1\" 200 1025 \"-\" \"Mozilla/5.0 (X11; Linux x86_64) AppleWebKit/537.36 (KHTML, like Gecko) Chrome/68.0.3440.106 Safari/537.36\"\n","level":"info"}
{"message":"::1 - - [04/Feb/2019:01:10:44 +0000] \"GET /favicon.ico HTTP/1.1\" 304 - \"http://localhost:1337/setup/\" \"Mozilla/5.0 (X11; Linux x86_64) AppleWebKit/537.36 (KHTML, like Gecko) Chrome/68.0.3440.106 Safari/537.36\"\n","level":"info"}
{"message":"::1 - - [04/Feb/2019:01:10:48 +0000] \"GET / HTTP/1.1\" 200 485 \"-\" \"Mozilla/5.0 (X11; Linux x86_64) AppleWebKit/537.36 (KHTML, like Gecko) Chrome/68.0.3440.106 Safari/537.36\"\n","level":"info"}
{"message":"::1 - - [04/Feb/2019:01:10:48 +0000] \"GET /favicon.ico HTTP/1.1\" 304 - \"http://localhost:1337/\" \"Mozilla/5.0 (X11; Linux x86_64) AppleWebKit/537.36 (KHTML, like Gecko) Chrome/68.0.3440.106 Safari/537.36\"\n","level":"info"}
{"message":"::1 - - [04/Feb/2019:01:10:50 +0000] \"GET /middleware/ HTTP/1.1\" 200 1181 \"http://localhost:1337/\" \"Mozilla/5.0 (X11; Linux x86_64) AppleWebKit/537.36 (KHTML, like Gecko) Chrome/68.0.3440.106 Safari/537.36\"\n","level":"info"}
{"message":"::1 - - [04/Feb/2019:01:10:50 +0000] \"GET /favicon.ico HTTP/1.1\" 304 - \"http://localhost:1337/middleware/\" \"Mozilla/5.0 (X11; Linux x86_64) AppleWebKit/537.36 (KHTML, like Gecko) Chrome/68.0.3440.106 Safari/537.36\"\n","level":"info"}
{"message":"::1 - - [04/Feb/2019:01:10:57 +0000] \"GET / HTTP/1.1\" 304 - \"-\" \"Mozilla/5.0 (X11; Linux x86_64) AppleWebKit/537.36 (KHTML, like Gecko) Chrome/68.0.3440.106 Safari/537.36\"\n","level":"info"}
{"message":"::1 - - [04/Feb/2019:01:10:57 +0000] \"GET /favicon.ico HTTP/1.1\" 304 - \"http://localhost:1337/\" \"Mozilla/5.0 (X11; Linux x86_64) AppleWebKit/537.36 (KHTML, like Gecko) Chrome/68.0.3440.106 Safari/537.36\"\n","level":"info"}
{"message":"::1 - - [04/Feb/2019:01:12:20 +0000] \"GET / HTTP/1.1\" 304 - \"-\" \"Mozilla/5.0 (X11; Linux x86_64) AppleWebKit/537.36 (KHTML, like Gecko) Chrome/68.0.3440.106 Safari/537.36\"\n","level":"info"}
{"message":"::1 - - [04/Feb/2019:01:12:20 +0000] \"GET /favicon.ico HTTP/1.1\" 200 220 \"http://localhost:1337/\" \"Mozilla/5.0 (X11; Linux x86_64) AppleWebKit/537.36 (KHTML, like Gecko) Chrome/68.0.3440.106 Safari/537.36\"\n","level":"info"}
